{
  "RSpec": {
    "coverage": {
      "/home/ubuntu/code_pipeline_test/app/helpers/application_helper.rb": [
        1,
        null
      ],
      "/home/ubuntu/code_pipeline_test/app/helpers/health_check_helper.rb": [
        1,
        null
      ],
      "/home/ubuntu/code_pipeline_test/app/helpers/users_helper.rb": [
        1,
        null
      ],
      "/home/ubuntu/code_pipeline_test/app/models/info.rb": [
        1,
        null
      ],
      "/home/ubuntu/code_pipeline_test/app/models/application_record.rb": [
        1,
        1,
        null
      ],
      "/home/ubuntu/code_pipeline_test/app/models/user.rb": [
        0,
        0
      ],
      "/home/ubuntu/code_pipeline_test/app/channels/application_cable/connection.rb": [
        0,
        0,
        0,
        0
      ],
      "/home/ubuntu/code_pipeline_test/app/channels/application_cable/channel.rb": [
        0,
        0,
        0,
        0
      ],
      "/home/ubuntu/code_pipeline_test/app/jobs/application_job.rb": [
        0,
        null,
        null,
        null,
        null,
        null,
        0
      ],
      "/home/ubuntu/code_pipeline_test/app/controllers/users_controller.rb": [
        0,
        0,
        null,
        null,
        0,
        0,
        0,
        null,
        null,
        0,
        0,
        null,
        null,
        0,
        0,
        0,
        null,
        null,
        0,
        0,
        null,
        null,
        0,
        0,
        null,
        0,
        0,
        0,
        0,
        0,
        0,
        0,
        0,
        0,
        0,
        null,
        null,
        0,
        0,
        0,
        0,
        0,
        0,
        0,
        0,
        0,
        0,
        0,
        null,
        null,
        0,
        0,
        null,
        0,
        0,
        0,
        0,
        0,
        null,
        0,
        null,
        0,
        0,
        0,
        null,
        null,
        0,
        0,
        0,
        0
      ],
      "/home/ubuntu/code_pipeline_test/app/controllers/health_check_controller.rb": [
        0,
        0,
        0,
        0,
        0
      ],
      "/home/ubuntu/code_pipeline_test/app/controllers/application_controller.rb": [
        0,
        0
      ],
      "/home/ubuntu/code_pipeline_test/app/mailers/application_mailer.rb": [
        0,
        0,
        0,
        0
      ]
    },
    "timestamp": 1658390899
  }
}
